        -:    0:Source:src/init.c
        -:    1:#include "fun.h"
    #####:    2:error_t init(const char *FILE_NAME)
        -:    3:{
    #####:    4:    FILE *fp = NULL;
        -:    5:    error_t status;
    #####:    6:    const char defaultUsername[] ="deepika\n";
    #####:    7:    const char defaultPassword[] ="deepika\n";
    #####:    8:    sFileHeader fileHeaderInfo = {0};
    #####:    9:    status = isFileExists(FILE_NAME);
    %%%%%:    9-block  0
    #####:   10:    if(status == -1)
        -:   11:    {
        -:   12:        //create the binary file
    #####:   13:        fp = fopen(FILE_NAME,"wb");
    %%%%%:   13-block  0
    #####:   14:        if(fp != NULL)
        -:   15:        {
        -:   16:            //Copy default password
    #####:   17:            strncpy(fileHeaderInfo.password,defaultPassword,sizeof(defaultPassword));
    #####:   18:            strncpy(fileHeaderInfo.username,defaultUsername,sizeof(defaultUsername));
    #####:   19:            fwrite(&fileHeaderInfo,FILE_HEADER_SIZE, 1, fp);
    %%%%%:   19-block  0
    #####:   20:            fclose(fp);
        -:   21:        }
        -:   22:    }
    #####:   23:    return SUCCESS;
    %%%%%:   23-block  0
        -:   24:}
        -:   25:
