        -:    0:Source:src/login.c
        -:    1:#include "fun.h"
        -:    2:
        1:    3:error_t login(const char *FILE_NAME,const unsigned char userName[MAX_SIZE_USER_NAME],const unsigned char password[MAX_SIZE_PASSWORD])
        -:    4:{
        1:    5:    sFileHeader fileHeaderInfo = {0};
        1:    6:    FILE *fp = NULL;
        1:    7:    printf("\nLogin\n");
        1:    7-block  0
        1:    8:    fp = fopen(FILE_NAME,"rb");
        1:    9:    if(fp == NULL)
        -:   10:    {
    #####:   11:        printf("File is not opened\n");
    %%%%%:   11-block  0
    #####:   12:        return FILE_NOT_FOUND;
        -:   13:    }
        1:   14:    fread (&fileHeaderInfo,FILE_HEADER_SIZE, 1, fp);
        1:   14-block  0
        1:   15:    fclose(fp);
       1*:   16:    if((!strcmp(userName,fileHeaderInfo.username)) && (!strcmp(password,fileHeaderInfo.password)))
    %%%%%:   16-block  0
    #####:   17:    {
    #####:   18:        error_t status_menu=menu(FILE_NAME);
    %%%%%:   18-block  0
        -:   19:    }
        -:   20:    else
        -:   21:    {
        1:   22:        printf("\nLogin Failed Enter Again Username & Password\n");
        1:   22-block  0
        1:   23:        return FAILURE;
        -:   24:    }
    #####:   25:    return SUCCESS;
    %%%%%:   25-block  0
        -:   26:}
