        -:    0:Source:src/valid_name.c
        -:    1:#include "fun.h"
        -:    2:int isalphabet(char c);
        -:    3:/// Function to check whether character is valid or not
       43:    4:int isalphabet(char c)
        -:    5:{
       43:    6:    if((c>='A'&&c<='Z')||(c>='a'&&c<='z'))
       43:    6-block  0
       35:    6-block  1
       42:    6-block  2
       34:    6-block  3
       35:    7:        return 1;
       35:    7-block  0
        8:    8:    return 0;
        8:    8-block  0
        -:    9:}
       11:   10:error_t isNameValid(const char *name)
        -:   11:{
       11:   12:    error_t validName = SUCCESS;
       11:   13:    int len = 0;
       11:   14:    int index = 0;
       11:   15:    len = strlen(name);
       47:   16:    for(index =0; index <len ; ++index)
       11:   16-block  0
       36:   16-block  1
       47:   16-block  2
        -:   17:    {
        -:   18:        /// Checking for every character to be valid or not
       43:   19:        if(!(isalphabet(name[index])) && (name[index] != '\n') && (name[index] != ' '))
       43:   19-block  0
        8:   19-block  1
        8:   19-block  2
        -:   20:        {
        7:   21:            validName = FAILURE;
        7:   22:            break;
        7:   22-block  0
        -:   23:        }
        -:   24:    }
       11:   25:    return validName;
       11:   25-block  0
        -:   26:}
