        -:    0:Source:src/valid_date.c
        -:    1:#include "fun.h"
        -:    2:
        2:    3:error_t isValidDate(Date *validDate)
        -:    4:{
        -:    5:    /// check range of year,month and day
        2:    6:    if (validDate->yyyy > MAX_YR || validDate->yyyy < MIN_YR)
        2:    6-block  0
        2:    6-block  1
    #####:    7:        return FAILURE;
    %%%%%:    7-block  0
        2:    8:    if (validDate->mm < 1 || validDate->mm > 12)
        2:    8-block  0
        2:    8-block  1
    #####:    9:        return FAILURE;
    %%%%%:    9-block  0
        2:   10:    if (validDate->dd < 1 || validDate->dd > 31)
        2:   10-block  0
        2:   10-block  1
    #####:   11:        return FAILURE;
    %%%%%:   11-block  0
        -:   12:
        -:   13:    /// Handling feb days in leap year
        2:   14:    if (validDate->mm == 2)
        2:   14-block  0
        -:   15:    {
        1:   16:        if (leap_year(validDate->yyyy))
        1:   16-block  0
        -:   17:        {
    #####:   18:            if(validDate->dd <= 29)
    %%%%%:   18-block  0
        -:   19:            {
    #####:   20:                return SUCCESS;
    %%%%%:   20-block  0
        -:   21:            }
    #####:   22:            return FAILURE;
    %%%%%:   22-block  0
        -:   23:        }
        -:   24:        else
        -:   25:        {
        1:   26:            if (validDate->dd <= 28)
        1:   26-block  0
    #####:   27:                return SUCCESS;
    %%%%%:   27-block  0
        1:   28:            return FAILURE;
        1:   28-block  0
        -:   29:        }
        -:   30:    }
        -:   31:
       1*:   32:    if (validDate->mm == 4 || validDate->mm == 6 || validDate->mm == 9 || validDate->mm == 11)
        1:   32-block  0
    %%%%%:   32-block  1
    %%%%%:   32-block  2
    %%%%%:   32-block  3
        1:   33:        if (validDate->dd <= 30)
        1:   33-block  0
        -:   34:        {
    #####:   35:            return SUCCESS;
    %%%%%:   35-block  0
        -:   36:        }
        -:   37:        else
        1:   38:            return FAILURE;
        1:   38-block  0
    #####:   39:    return SUCCESS;
    %%%%%:   39-block  0
        -:   40:}
